<?xml version="1.0" encoding="UTF-8"?>
<testsuite name="tracker.StudentListTest" tests="1" skipped="0" failures="0" errors="0" timestamp="2023-01-31T13:10:32" hostname="XANAX" time="0.0">
  <properties/>
  <testcase name="name()" classname="tracker.StudentListTest" time="0.0"/>
  <system-out><![CDATA[]]></system-out>
  <system-err><![CDATA[]]></system-err>
</testsuite>
